EXPERIMENT 1 (ratios)
SIN DATASET
 0.022182 +- 0.00024
 0.116973 +- 0.04251
 0.118140 +- 0.04681
 0.183528 +- 0.06612
QUAKE DATASET
 0.028377 +- 0.00026
 0.032538 +- 0.00120
 0.034409 +- 0.00056
 0.035724 +- 0.00052
PARKINSONS DATASET
 0.002037 +- 0.00005
 0.001291 +- 0.00008
 0.001052 +- 0.00005
 0.001282 +- 0.00016
ILDP DATASET
 68.97% +- 1.31
 67.36% +- 1.52
 61.84% +- 1.73
 62.41% +- 1.80
NOMNIST DATASET
 88.60% +- 0.77
 86.27% +- 1.44
 86.93% +- 0.85
 87.93% +- 0.68
END OF EXPERIMENTS 1 =================
ILDP DATASET
 68.97% +- 1.31
 70.11% +- 1.03
 69.89% +- 1.29
 69.43% +- 0.84
 69.20% +- 1.34
 68.97% +- 1.31
 70.00% +- 0.56
 70.23% +- 0.92
 69.66% +- 1.56
 69.20% +- 1.29
 68.97% +- 1.31
NOMNIST DATASET

NOMNIST DATASET
 82.73% +- 1.65
 79.82% +- 1.02
---
 88.73% +- 0.71
 86.58% +- 0.73
---
 88.93% +- 0.77
 87.78% +- 0.55
---
 88.73% +- 0.90
 88.07% +- 0.51
---
 88.60% +- 0.77
 88.11% +- 0.53
---
 77.40% +- 1.51
 77.62% +- 0.56
---
 86.67% +- 1.28
 83.27% +- 0.74
---
 88.73% +- 0.90
 86.40% +- 0.72
---
 89.07% +- 0.93
 87.76% +- 0.46
---
 88.60% +- 0.77
 88.11% +- 0.42
